1652178385877	geckodriver	INFO	Listening on 127.0.0.1:56741
1652178614124	geckodriver	INFO	Listening on 127.0.0.1:56837
1652178761603	geckodriver	INFO	Listening on 127.0.0.1:56863
1652785321560	geckodriver	INFO	Listening on 127.0.0.1:49250
1652785455545	geckodriver	INFO	Listening on 127.0.0.1:49267
1652786191151	geckodriver	INFO	Listening on 127.0.0.1:49811
1653911898703	geckodriver	INFO	Listening on 127.0.0.1:61107
1653911901739	mozrunner::runner	INFO	Running command: "C:\\Program Files\\Mozilla Firefox\\firefox.exe" "--marionette" "--remote-debugging-port" "61108" "--remote-allow-hosts" "localhost" "-no-remote" "-profile" "C:\\Users\\user\\AppData\\Local\\Temp\\rust_mozprofilep1epf5"
1653911902446	Marionette	INFO	Marionette enabled
console.warn: SearchSettings: "get: No settings file exists, new profile?" (new NotFoundError("Could not open the file at C:\\Users\\user\\AppData\\Local\\Temp\\rust_mozprofilep1epf5\\search.json.mozlz4", (void 0)))
DevTools listening on ws://localhost:61108/devtools/browser/3a51a831-d4bc-4078-99fd-c7a7e6b1a3bd
1653911905768	Marionette	INFO	Listening on port 61129
Read port: 61129
1653911905869	RemoteAgent	WARN	TLS certificate errors will be ignored for this session
JavaScript error: https://media.ethicalads.io/media/client/v1.4.0/ethicalads.min.js, line 1: Error: No ad placements found.
JavaScript error: resource:///actors/FormValidationChild.jsm, line 184: TypeError: this._element is null
console.warn: LoginRecipes: "getRecipes: falling back to a synchronous message for:" "https://www.python.org"
1653911918407	Marionette	INFO	Stopped listening on port 61129
1653911946201	geckodriver	INFO	Listening on 127.0.0.1:61182
1653911949226	mozrunner::runner	INFO	Running command: "C:\\Program Files\\Mozilla Firefox\\firefox.exe" "--marionette" "--remote-debugging-port" "61183" "--remote-allow-hosts" "localhost" "-no-remote" "-profile" "C:\\Users\\user\\AppData\\Local\\Temp\\rust_mozprofilepbx6F9"
1653911949665	Marionette	INFO	Marionette enabled
console.warn: SearchSettings: "get: No settings file exists, new profile?" (new NotFoundError("Could not open the file at C:\\Users\\user\\AppData\\Local\\Temp\\rust_mozprofilepbx6F9\\search.json.mozlz4", (void 0)))
DevTools listening on ws://localhost:61183/devtools/browser/2db2d814-d3e9-4e12-a9a3-d36ec9a3caa8
1653911952339	Marionette	INFO	Listening on port 61205
Read port: 61205
1653911952449	RemoteAgent	WARN	TLS certificate errors will be ignored for this session
JavaScript warning: https://js.datadome.co/tags.js, line 2: WEBGL_debug_renderer_info is deprecated in Firefox and will be removed. Please use RENDERER.
1653911961766	Marionette	INFO	Stopped listening on port 61205
Marionette threw an error: TypeError: browsingContext.currentWindowGlobal is null
getMarionetteCommandsActorProxy/get/<@chrome://remote/content/marionette/actors/MarionetteCommandsParent.jsm:332:29

console.warn: TopSitesFeed: Failed to fetch data from Contile server: NetworkError when attempting to fetch resource.
JavaScript error: chrome://remote/content/marionette/cert.js, line 55: NS_ERROR_NOT_AVAILABLE: Component returned failure code: 0x80040111 (NS_ERROR_NOT_AVAILABLE) [nsICertOverrideService.setDisableAllSecurityChecksAndLetAttackersInterceptMyData]

###!!! [Parent][PGPUParent] Error: RunMessage(msgname=PGPU::Msg_ShutdownVR) Channel closing: too late to send/recv, messages will be lost

1653912079022	geckodriver	INFO	Listening on 127.0.0.1:61237
1653912082078	mozrunner::runner	INFO	Running command: "C:\\Program Files\\Mozilla Firefox\\firefox.exe" "--marionette" "--remote-debugging-port" "61238" "--remote-allow-hosts" "localhost" "-no-remote" "-profile" "C:\\Users\\user\\AppData\\Local\\Temp\\rust_mozprofilea5TADH"
1653912082514	Marionette	INFO	Marionette enabled
console.warn: SearchSettings: "get: No settings file exists, new profile?" (new NotFoundError("Could not open the file at C:\\Users\\user\\AppData\\Local\\Temp\\rust_mozprofilea5TADH\\search.json.mozlz4", (void 0)))
DevTools listening on ws://localhost:61238/devtools/browser/f33a29c6-e6d4-4dd9-a334-cc439a27a21e
1653912085069	Marionette	INFO	Listening on port 61259
Read port: 61259
1653912085126	RemoteAgent	WARN	TLS certificate errors will be ignored for this session
JavaScript error: https://media.ethicalads.io/media/client/v1.4.0/ethicalads.min.js, line 1: Error: No ad placements found.
JavaScript error: resource:///actors/FormValidationChild.jsm, line 184: TypeError: this._element is null
1653912090252	Marionette	INFO	Stopped listening on port 61259

###!!! [Parent][PContentParent] Error: Send(msgname=PContent::Msg_DestroyBrowsingContextGroup) Closed channel: cannot send/recv

JavaScript error: resource://gre/modules/Sqlite.jsm, line 1105: Error: Sqlite.jsm has been shutdown. Cannot open connection to: C:\Users\user\AppData\Local\Temp\rust_mozprofilea5TADH\protections.sqlite

###!!! [Child][PContentChild] Error: Send(msgname=PHttpChannel::Msg_DeletingChannel) Channel closing: too late to send/recv, messages will be lost


###!!! [Child][PContentChild] Error: RunMessage(msgname=PContent::Reply_DiscardBrowsingContext) Channel closing: too late to send/recv, messages will be lost

1653912194185	geckodriver	INFO	Listening on 127.0.0.1:65057
1653912197219	mozrunner::runner	INFO	Running command: "C:\\Program Files\\Mozilla Firefox\\firefox.exe" "--marionette" "--remote-debugging-port" "65058" "--remote-allow-hosts" "localhost" "-no-remote" "-profile" "C:\\Users\\user\\AppData\\Local\\Temp\\rust_mozprofileFeUXls"
1653912197666	Marionette	INFO	Marionette enabled
console.warn: SearchSettings: "get: No settings file exists, new profile?" (new NotFoundError("Could not open the file at C:\\Users\\user\\AppData\\Local\\Temp\\rust_mozprofileFeUXls\\search.json.mozlz4", (void 0)))
DevTools listening on ws://localhost:65058/devtools/browser/4c4c90b3-4594-4e01-a8ec-a23b98f0dc4b
1653912200476	Marionette	INFO	Listening on port 65081
Read port: 65081
1653912200524	RemoteAgent	WARN	TLS certificate errors will be ignored for this session
JavaScript error: https://media.ethicalads.io/media/client/v1.4.0/ethicalads.min.js, line 1: Error: No ad placements found.
JavaScript error: resource:///actors/FormValidationChild.jsm, line 184: TypeError: this._element is null
1653912206734	Marionette	INFO	Stopped listening on port 65081

###!!! [Child][PContentChild] Error: Send(msgname=PHttpChannel::Msg_DeletingChannel) Channel closing: too late to send/recv, messages will be lost


###!!! [Child][PContentChild] Error: Send(msgname=PHttpChannel::Msg_DeletingChannel) Channel closing: too late to send/recv, messages will be lost


###!!! [Child][PContentChild] Error: Send(msgname=PHttpChannel::Msg_DeletingChannel) Channel closing: too late to send/recv, messages will be lost


###!!! [Child][PContentChild] Error: Send(msgname=PHttpChannel::Msg_DeletingChannel) Channel closing: too late to send/recv, messages will be lost


###!!! [Child][PContentChild] Error: Send(msgname=PHttpChannel::Msg_DeletingChannel) Channel closing: too late to send/recv, messages will be lost


###!!! [Child][PContentChild] Error: Send(msgname=PHttpChannel::Msg_DeletingChannel) Channel closing: too late to send/recv, messages will be lost


###!!! [Child][PContentChild] Error: RunMessage(msgname=PContent::Reply_DiscardBrowsingContext) Channel closing: too late to send/recv, messages will be lost


###!!! [Child][PContentChild] Error: RunMessage(msgname=PHttpChannel::Msg_DeleteSelf) Channel closing: too late to send/recv, messages will be lost


###!!! [Child][PContentChild] Error: RunMessage(msgname=PHttpChannel::Msg_DeleteSelf) Channel closing: too late to send/recv, messages will be lost


###!!! [Parent][PContentParent] Error: Send(msgname=PContent::Msg_DestroyBrowsingContextGroup) Closed channel: cannot send/recv

JavaScript error: resource://gre/modules/Sqlite.jsm, line 1105: Error: Sqlite.jsm has been shutdown. Cannot open connection to: C:\Users\user\AppData\Local\Temp\rust_mozprofileFeUXls\protections.sqlite
1653912228915	geckodriver	INFO	Listening on 127.0.0.1:64240
1653912231954	mozrunner::runner	INFO	Running command: "C:\\Program Files\\Mozilla Firefox\\firefox.exe" "--marionette" "--remote-debugging-port" "64241" "--remote-allow-hosts" "localhost" "-no-remote" "-profile" "C:\\Users\\user\\AppData\\Local\\Temp\\rust_mozprofile0hz1qO"
1653912232399	Marionette	INFO	Marionette enabled
console.warn: SearchSettings: "get: No settings file exists, new profile?" (new NotFoundError("Could not open the file at C:\\Users\\user\\AppData\\Local\\Temp\\rust_mozprofile0hz1qO\\search.json.mozlz4", (void 0)))
DevTools listening on ws://localhost:64241/devtools/browser/0e271728-8057-4fed-9462-59da3f2d2e69
1653912235167	Marionette	INFO	Listening on port 64265
Read port: 64265
1653912235285	RemoteAgent	WARN	TLS certificate errors will be ignored for this session
JavaScript error: https://media.ethicalads.io/media/client/v1.4.0/ethicalads.min.js, line 1: Error: No ad placements found.
JavaScript error: resource:///actors/FormValidationChild.jsm, line 184: TypeError: this._element is null
1653912238065	Marionette	INFO	Stopped listening on port 64265

###!!! [Child][PContentChild] Error: RunMessage(msgname=PContent::Reply_DiscardBrowsingContext) Channel closing: too late to send/recv, messages will be lost


###!!! [Child][PContentChild] Error: RunMessage(msgname=PHttpChannel::Msg_DeleteSelf) Channel closing: too late to send/recv, messages will be lost


###!!! [Parent][PContentParent] Error: Send(msgname=PContent::Msg_DestroyBrowsingContextGroup) Closed channel: cannot send/recv

JavaScript error: resource://gre/modules/Sqlite.jsm, line 1105: Error: Sqlite.jsm has been shutdown. Cannot open connection to: C:\Users\user\AppData\Local\Temp\rust_mozprofile0hz1qO\protections.sqlite
1654003233818	geckodriver	INFO	Listening on 127.0.0.1:65003
1654003236881	mozrunner::runner	INFO	Running command: "C:\\Program Files\\Mozilla Firefox\\firefox.exe" "--marionette" "--remote-debugging-port" "65004" "--remote-allow-hosts" "localhost" "-no-remote" "-profile" "C:\\Users\\user\\AppData\\Local\\Temp\\rust_mozprofileI5gs25"
1654003237682	Marionette	INFO	Marionette enabled
console.warn: SearchSettings: "get: No settings file exists, new profile?" (new NotFoundError("Could not open the file at C:\\Users\\user\\AppData\\Local\\Temp\\rust_mozprofileI5gs25\\search.json.mozlz4", (void 0)))
DevTools listening on ws://localhost:65004/devtools/browser/9100b44f-b9d3-4fee-b9bb-524565ec62e9
1654003241963	Marionette	INFO	Listening on port 65026
Read port: 65026
1654003242055	RemoteAgent	WARN	TLS certificate errors will be ignored for this session
JavaScript error: https://media.ethicalads.io/media/client/v1.4.0/ethicalads.min.js, line 1: Error: No ad placements found.
JavaScript error: resource:///actors/FormValidationChild.jsm, line 184: TypeError: this._element is null
1654003244219	Marionette	INFO	Stopped listening on port 65026
JavaScript error: resource://gre/modules/Sqlite.jsm, line 1105: Error: Sqlite.jsm has been shutdown. Cannot open connection to: C:\Users\user\AppData\Local\Temp\rust_mozprofileI5gs25\protections.sqlite
1654003417749	geckodriver	INFO	Listening on 127.0.0.1:65108
1654003421135	mozrunner::runner	INFO	Running command: "C:\\Program Files\\Mozilla Firefox\\firefox.exe" "--marionette" "--remote-debugging-port" "65109" "--remote-allow-hosts" "localhost" "-no-remote" "-profile" "C:\\Users\\user\\AppData\\Local\\Temp\\rust_mozprofileNjxp0s"
1654003421815	Marionette	INFO	Marionette enabled
console.warn: SearchSettings: "get: No settings file exists, new profile?" (new NotFoundError("Could not open the file at C:\\Users\\user\\AppData\\Local\\Temp\\rust_mozprofileNjxp0s\\search.json.mozlz4", (void 0)))
DevTools listening on ws://localhost:65109/devtools/browser/637fa7a2-c330-4be9-ac7e-c6148f45dab7
1654003424988	Marionette	INFO	Listening on port 65134
Read port: 65134
1654003425165	RemoteAgent	WARN	TLS certificate errors will be ignored for this session
1654003558794	Marionette	INFO	Stopped listening on port 65134
[Parent 9716, IPC I/O Parent] WARNING: file /builds/worker/checkouts/gecko/ipc/chromium/src/base/process_util_win.cc:167
ote-debugging-port" "65180" "--remote-allow-hosts" "localhost" "-no-remote" "-profile" "C:\\Users\\user\\AppData\\Local\\Temp\\rust_mozprofileolYAZT"
1654003478999	Marionette	INFO	Marionette enabled
console.warn: SearchSettings: "get: No settings file exists, new profile?" (new NotFoundError("Could not open the file at C:\\Users\\user\\AppData\\Local\\Temp\\rust_mozprofileolYAZT\\search.json.mozlz4", (void 0)))
DevTools listening on ws://localhost:65180/devtools/browser/348587a5-681e-4631-96b4-cc01af6420c6
1654003481836	Marionette	INFO	Listening on port 65202
Read port: 65202
1654003481976	RemoteAgent	WARN	TLS certificate errors will be ignored for this session
JavaScript error: https://media.ethicalads.io/media/client/v1.4.0/ethicalads.min.js, line 1: Error: No ad placements found.
JavaScript error: resource:///actors/FormValidationChild.jsm, line 184: TypeError: this._element is null
1654003484251	Marionette	INFO	Stopped listening on port 65202
JavaScript error: resource://gre/modules/Sqlite.jsm, line 1105: Error: Sqlite.jsm has been shutdown. Cannot open connection to: C:\Users\user\AppData\Local\Temp\rust_mozprofileolYAZT\protections.sqlite
1654003486684	geckodriver	INFO	Listening on 127.0.0.1:65234
1654003490048	mozrunner::runner	INFO	Running command: "C:\\Program Files\\Mozilla Firefox\\firefox.exe" "--marionette" "--remote-debugging-port" "65235" "--remote-allow-hosts" "localhost" "-no-remote" "-profile" "C:\\Users\\user\\AppData\\Local\\Temp\\rust_mozprofilehx01s7"
1654003490650	Marionette	INFO	Marionette enabled
console.warn: SearchSettings: "get: No settings file exists, new profile?" (new NotFoundError("Could not open the file at C:\\Users\\user\\AppData\\Local\\Temp\\rust_mozprofilehx01s7\\search.json.mozlz4", (void 0)))
DevTools listening on ws://localhost:65235/devtools/browser/be189c7e-e06a-4a9f-9f1c-eeceaa29943b
1654003493447	Marionette	INFO	Listening on port 65260
Read port: 65260
1654003493534	RemoteAgent	WARN	TLS certificate errors will be ignored for this session
JavaScript error: https://www.immoweb.be/en line 460 > injectedScript, line 1: ReferenceError: ProduPressAdsManager is not defined
1654003559048	Marionette	INFO	Stopped listening on port 65260
JavaScript error: chrome://remote/content/marionette/cert.js, line 55: NS_ERROR_NOT_AVAILABLE: Component returned failure code: 0x80040111 (NS_ERROR_NOT_AVAILABLE) [nsICertOverrideService.setDisableAllSecurityChecksAndLetAttackersInterceptMyData]

###!!! [Child][PContentChild] Error: RunMessage(msgname=PHttpChannel::Msg_DeleteSelf) Channel closing: too late to send/recv, messages will be lost


###!!! [Child][PContentChild] Error: RunMessage(msgname=PHttpChannel::Msg_DeleteSelf) Channel closing: too late to send/recv, messages will be lost


###!!! [Child][PContentChild] Error: RunMessage(msgname=PContent::Msg_DestroyBrowsingContextGroup) Channel closing: too late to send/recv, messages will be lost


###!!! [Child][PContentChild] Error: RunMessage(msgname=PContent::Reply_DiscardBrowsingContext) Channel closing: too late to send/recv, messages will be lost

1654003592590	geckodriver	INFO	Listening on 127.0.0.1:65318
1654003595572	mozrunner::runner	INFO	Running command: "C:\\Program Files\\Mozilla Firefox\\firefox.exe" "--marionette" "--remote-debugging-port" "65319" "--remote-allow-hosts" "localhost" "-no-remote" "-profile" "C:\\Users\\user\\AppData\\Local\\Temp\\rust_mozprofileWEZu3Y"
1654003596146	Marionette	INFO	Marionette enabled
console.warn: SearchSettings: "get: No settings file exists, new profile?" (new NotFoundError("Could not open the file at C:\\Users\\user\\AppData\\Local\\Temp\\rust_mozprofileWEZu3Y\\search.json.mozlz4", (void 0)))
DevTools listening on ws://localhost:65319/devtools/browser/54061079-a357-4c87-91b5-7f70b80fffd3
1654003598765	Marionette	INFO	Listening on port 65341
Read port: 65341
1654003598933	RemoteAgent	WARN	TLS certificate errors will be ignored for this session
JavaScript error: https://www.immoweb.be/en line 460 > injectedScript, line 1: ReferenceError: ProduPressAdsManager is not defined
JavaScript warning: https://pagead2.googlesyndication.com/bg/Ad9jBBPkK9vi9bAgcuLyu1_QvBg-YOqOKxt2_RJMMQM.js line 2 > eval line 651 > eval line 1 > eval line 1 > eval, line 1: WEBGL_debug_renderer_info is deprecated in Firefox and will be removed. Please use RENDERER.
JavaScript warning: https://pagead2.googlesyndication.com/bg/Ad9jBBPkK9vi9bAgcuLyu1_QvBg-YOqOKxt2_RJMMQM.js line 2 > eval line 7389 > eval line 1 > eval line 1 > eval, line 1: WEBGL_debug_renderer_info is deprecated in Firefox and will be removed. Please use RENDERER.
JavaScript error: , line 0: uncaught exception: 7
JavaScript error: , line 0: uncaught exception: 7
JavaScript warning: https://pagead2.googlesyndication.com/bg/Ad9jBBPkK9vi9bAgcuLyu1_QvBg-YOqOKxt2_RJMMQM.js line 2 > eval line 5695 > eval line 1 > eval line 1 > eval, line 1: WEBGL_debug_renderer_info is deprecated in Firefox and will be removed. Please use RENDERER.
SourceActor threw an exception: [Exception... "Component returned failure code: 0x80470002 (NS_BASE_STREAM_CLOSED) [nsIInputStream.available]"  nsresult: "0x80470002 (NS_BASE_STREAM_CLOSED)"  location: "JS frame :: resource://devtools/shared/DevToolsUtils.js :: onResponse :: line 567"  data: no]
Stack: onResponse@resource://devtools/shared/DevToolsUtils.js:567:34
onStopRequest@resource://gre/modules/NetUtil.jsm:128:18
Line: 567, column: 0
console.error: ({})
JavaScript error: resource://devtools/shared/DevToolsUtils.js, line 567: NS_BASE_STREAM_CLOSED: Component returned failure code: 0x80470002 (NS_BASE_STREAM_CLOSED) [nsIInputStream.available]
JavaScript error: , line 0: NotFoundError: No such JSWindowActor 'DevToolsFrame'
JavaScript error: , line 0: NotFoundError: No such JSWindowActor 'DevToolsFrame'
JavaScript error: , line 0: NotFoundError: No such JSWindowActor 'DevToolsFrame'
JavaScript error: , line 0: NotFoundError: No such JSWindowActor 'DevToolsFrame'
JavaScript error: , line 0: NotFoundError: No such JSWindowActor 'DevToolsFrame'
JavaScript error: , line 0: NotFoundError: No such JSWindowActor 'DevToolsFrame'
JavaScript error: , line 0: NotFoundError: No such JSWindowActor 'DevToolsFrame'
JavaScript error: , line 0: NotFoundError: No such JSWindowActor 'DevToolsFrame'
JavaScript error: , line 0: NotFoundError: No such JSWindowActor 'DevToolsFrame'
JavaScript error: , line 0: NotFoundError: No such JSWindowActor 'DevToolsFrame'
JavaScript error: , line 0: NotFoundError: No such JSWindowActor 'DevToolsFrame'
JavaScript error: , line 0: NS_ERROR_NOT_AVAILABLE
1654005465292	Marionette	INFO	Stopped listening on port 65341
JavaScript error: chrome://remote/content/marionette/cert.js, line 55: NS_ERROR_NOT_AVAILABLE: Component returned failure code: 0x80040111 (NS_ERROR_NOT_AVAILABLE) [nsICertOverrideService.setDisableAllSecurityChecksAndLetAttackersInterceptMyData]

###!!! [Parent][PGPUParent] Error: RunMessage(msgname=PGPU::Msg_ShutdownVR) Channel closing: too late to send/recv, messages will be lost

